[ 2018-08-29T16:48:37+08:00 ] 127.0.0.1 /favicon.ico
INFO: [ app_init ] --START--
INFO: Run Behavior\BuildLiteBehavior [ RunTime:0.000045s ]
INFO: [ app_init ] --END-- [ RunTime:0.001805s ]
ERR: 无法加载模块:Favicon

[ 2018-08-29T17:34:46+08:00 ] 127.0.0.1 /picture/query_chj.jpg
INFO: [ app_init ] --START--
INFO: Run Behavior\BuildLiteBehavior [ RunTime:0.000012s ]
INFO: [ app_init ] --END-- [ RunTime:0.000692s ]
ERR: 无法加载模块:Picture

[ 2018-08-29T17:34:46+08:00 ] 127.0.0.1 /js/hades.js
INFO: [ app_init ] --START--
INFO: Run Behavior\BuildLiteBehavior [ RunTime:0.000012s ]
INFO: [ app_init ] --END-- [ RunTime:0.000340s ]
ERR: 无法加载模块:Js

[ 2018-08-29T17:34:46+08:00 ] 127.0.0.1 /images/beijing.jpg
INFO: [ app_init ] --START--
INFO: Run Behavior\BuildLiteBehavior [ RunTime:0.000010s ]
INFO: [ app_init ] --END-- [ RunTime:0.000355s ]
ERR: 无法加载模块:Images

[ 2018-08-29T17:35:09+08:00 ] 127.0.0.1 /picture/query_chj.jpg
INFO: [ app_init ] --START--
INFO: Run Behavior\BuildLiteBehavior [ RunTime:0.000016s ]
INFO: [ app_init ] --END-- [ RunTime:0.000433s ]
ERR: 无法加载模块:Picture

[ 2018-08-29T17:35:09+08:00 ] 127.0.0.1 /js/hades.js
INFO: [ app_init ] --START--
INFO: Run Behavior\BuildLiteBehavior [ RunTime:0.000012s ]
INFO: [ app_init ] --END-- [ RunTime:0.000406s ]
ERR: 无法加载模块:Js

[ 2018-08-29T17:35:09+08:00 ] 127.0.0.1 /images/beijing.jpg
INFO: [ app_init ] --START--
INFO: Run Behavior\BuildLiteBehavior [ RunTime:0.000015s ]
INFO: [ app_init ] --END-- [ RunTime:0.000442s ]
ERR: 无法加载模块:Images

[ 2018-08-29T17:35:38+08:00 ] 127.0.0.1 /picture/query_chj.jpg
INFO: [ app_init ] --START--
INFO: Run Behavior\BuildLiteBehavior [ RunTime:0.000016s ]
INFO: [ app_init ] --END-- [ RunTime:0.000392s ]
ERR: 无法加载模块:Picture

[ 2018-08-29T17:35:38+08:00 ] 127.0.0.1 /js/hades.js
INFO: [ app_init ] --START--
INFO: Run Behavior\BuildLiteBehavior [ RunTime:0.000016s ]
INFO: [ app_init ] --END-- [ RunTime:0.000421s ]
ERR: 无法加载模块:Js

[ 2018-08-29T17:35:39+08:00 ] 127.0.0.1 /images/beijing.jpg
INFO: [ app_init ] --START--
INFO: Run Behavior\BuildLiteBehavior [ RunTime:0.000017s ]
INFO: [ app_init ] --END-- [ RunTime:0.000780s ]
ERR: 无法加载模块:Images

[ 2018-08-29T17:36:34+08:00 ] 127.0.0.1 /js/hades.js
INFO: [ app_init ] --START--
INFO: Run Behavior\BuildLiteBehavior [ RunTime:0.000013s ]
INFO: [ app_init ] --END-- [ RunTime:0.000396s ]
ERR: 无法加载模块:Js

[ 2018-08-29T17:36:34+08:00 ] 127.0.0.1 /picture/query_chj.jpg
INFO: [ app_init ] --START--
INFO: Run Behavior\BuildLiteBehavior [ RunTime:0.000015s ]
INFO: [ app_init ] --END-- [ RunTime:0.000513s ]
ERR: 无法加载模块:Picture

[ 2018-08-29T17:36:34+08:00 ] 127.0.0.1 /images/beijing.jpg
INFO: [ app_init ] --START--
INFO: Run Behavior\BuildLiteBehavior [ RunTime:0.000014s ]
INFO: [ app_init ] --END-- [ RunTime:0.000412s ]
ERR: 无法加载模块:Images

[ 2018-08-29T17:37:15+08:00 ] 127.0.0.1 /js/hades.js
INFO: [ app_init ] --START--
INFO: Run Behavior\BuildLiteBehavior [ RunTime:0.000012s ]
INFO: [ app_init ] --END-- [ RunTime:0.000361s ]
ERR: 无法加载模块:Js

[ 2018-08-29T17:37:15+08:00 ] 127.0.0.1 /picture/query_chj.jpg
INFO: [ app_init ] --START--
INFO: Run Behavior\BuildLiteBehavior [ RunTime:0.000012s ]
INFO: [ app_init ] --END-- [ RunTime:0.000438s ]
ERR: 无法加载模块:Picture

[ 2018-08-29T17:37:15+08:00 ] 127.0.0.1 /images/beijing.jpg
INFO: [ app_init ] --START--
INFO: Run Behavior\BuildLiteBehavior [ RunTime:0.000013s ]
INFO: [ app_init ] --END-- [ RunTime:0.000350s ]
ERR: 无法加载模块:Images

[ 2018-08-29T17:45:36+08:00 ] 127.0.0.1 /Public/home/picture/bt_chafen.jpg
INFO: [ app_init ] --START--
INFO: Run Behavior\BuildLiteBehavior [ RunTime:0.000012s ]
INFO: [ app_init ] --END-- [ RunTime:0.000467s ]
ERR: 无法加载模块:Public

[ 2018-08-29T17:45:37+08:00 ] 127.0.0.1 /Public/home/images/chaxun_bj.jpg
INFO: [ app_init ] --START--
INFO: Run Behavior\BuildLiteBehavior [ RunTime:0.000015s ]
INFO: [ app_init ] --END-- [ RunTime:0.000438s ]
ERR: 无法加载模块:Public

[ 2018-08-29T17:46:29+08:00 ] 127.0.0.1 /Public/home/picture/bt_chafen.jpg
INFO: [ app_init ] --START--
INFO: Run Behavior\BuildLiteBehavior [ RunTime:0.000024s ]
INFO: [ app_init ] --END-- [ RunTime:0.000387s ]
ERR: 无法加载模块:Public

[ 2018-08-29T17:46:29+08:00 ] 127.0.0.1 /Public/home/images/chaxun_bj.jpg
INFO: [ app_init ] --START--
INFO: Run Behavior\BuildLiteBehavior [ RunTime:0.000012s ]
INFO: [ app_init ] --END-- [ RunTime:0.000347s ]
ERR: 无法加载模块:Public

[ 2018-08-29T20:40:44+08:00 ] 127.0.0.1 /favicon.ico
INFO: [ app_init ] --START--
INFO: Run Behavior\BuildLiteBehavior [ RunTime:0.000042s ]
INFO: [ app_init ] --END-- [ RunTime:0.001284s ]
ERR: 无法加载模块:Favicon

[ 2018-08-29T20:50:02+08:00 ] 127.0.0.1 /images/admin-login-bg.jpg
INFO: [ app_init ] --START--
INFO: Run Behavior\BuildLiteBehavior [ RunTime:0.000025s ]
INFO: [ app_init ] --END-- [ RunTime:0.001016s ]
ERR: 无法加载模块:Images

[ 2018-08-29T20:50:34+08:00 ] 127.0.0.1 /images/admin-login-bg.jpg
INFO: [ app_init ] --START--
INFO: Run Behavior\BuildLiteBehavior [ RunTime:0.000017s ]
INFO: [ app_init ] --END-- [ RunTime:0.000480s ]
ERR: 无法加载模块:Images

[ 2018-08-29T20:51:14+08:00 ] 127.0.0.1 /Files/2018-07-17/5b4de452c9d43.jpg
INFO: [ app_init ] --START--
INFO: Run Behavior\BuildLiteBehavior [ RunTime:0.000018s ]
INFO: [ app_init ] --END-- [ RunTime:0.001126s ]
ERR: 无法加载模块:Files

[ 2018-08-29T20:51:24+08:00 ] 127.0.0.1 /Files/2018-07-17/5b4de2c421c93.jpg
INFO: [ app_init ] --START--
INFO: Run Behavior\BuildLiteBehavior [ RunTime:0.000015s ]
INFO: [ app_init ] --END-- [ RunTime:0.000459s ]
ERR: 无法加载模块:Files

[ 2018-08-29T20:51:24+08:00 ] 127.0.0.1 /Files/2018-07-17/5b4de452c9d43.jpg
INFO: [ app_init ] --START--
INFO: Run Behavior\BuildLiteBehavior [ RunTime:0.000022s ]
INFO: [ app_init ] --END-- [ RunTime:0.000460s ]
ERR: 无法加载模块:Files

[ 2018-08-29T20:53:05+08:00 ] 127.0.0.1 /Files/2018-07-17/5b4de452c9d43.jpg
INFO: [ app_init ] --START--
INFO: Run Behavior\BuildLiteBehavior [ RunTime:0.000015s ]
INFO: [ app_init ] --END-- [ RunTime:0.000455s ]
ERR: 无法加载模块:Files

[ 2018-08-29T22:57:01+08:00 ] 127.0.0.1 /Files/2018-07-17/5b4de452c9d43.jpg
INFO: [ app_init ] --START--
INFO: Run Behavior\BuildLiteBehavior [ RunTime:0.000014s ]
INFO: [ app_init ] --END-- [ RunTime:0.000389s ]
ERR: 无法加载模块:Files

[ 2018-08-29T22:58:39+08:00 ] 127.0.0.1 /Files/2018-07-17/5b4de2c421c93.jpg
INFO: [ app_init ] --START--
INFO: Run Behavior\BuildLiteBehavior [ RunTime:0.000013s ]
INFO: [ app_init ] --END-- [ RunTime:0.000379s ]
ERR: 无法加载模块:Files

[ 2018-08-29T22:58:39+08:00 ] 127.0.0.1 /Files/2018-07-17/5b4de452c9d43.jpg
INFO: [ app_init ] --START--
INFO: Run Behavior\BuildLiteBehavior [ RunTime:0.000013s ]
INFO: [ app_init ] --END-- [ RunTime:0.000365s ]
ERR: 无法加载模块:Files

[ 2018-08-29T23:00:53+08:00 ] 127.0.0.1 /Files/2018-07-17/5b4de2c421c93.jpg
INFO: [ app_init ] --START--
INFO: Run Behavior\BuildLiteBehavior [ RunTime:0.000013s ]
INFO: [ app_init ] --END-- [ RunTime:0.000375s ]
ERR: 无法加载模块:Files

[ 2018-08-29T23:00:53+08:00 ] 127.0.0.1 /Files/2018-07-17/5b4de452c9d43.jpg
INFO: [ app_init ] --START--
INFO: Run Behavior\BuildLiteBehavior [ RunTime:0.000019s ]
INFO: [ app_init ] --END-- [ RunTime:0.000557s ]
ERR: 无法加载模块:Files

[ 2018-08-29T23:03:39+08:00 ] 127.0.0.1 /Files/2018-07-17/5b4de2c421c93.jpg
INFO: [ app_init ] --START--
INFO: Run Behavior\BuildLiteBehavior [ RunTime:0.000039s ]
INFO: [ app_init ] --END-- [ RunTime:0.001556s ]
ERR: 无法加载模块:Files

[ 2018-08-29T23:03:39+08:00 ] 127.0.0.1 /Files/2018-07-17/5b4de452c9d43.jpg
INFO: [ app_init ] --START--
INFO: Run Behavior\BuildLiteBehavior [ RunTime:0.000014s ]
INFO: [ app_init ] --END-- [ RunTime:0.000526s ]
ERR: 无法加载模块:Files

[ 2018-08-29T23:04:02+08:00 ] 127.0.0.1 /Files/2018-07-17/5b4de2c421c93.jpg
INFO: [ app_init ] --START--
INFO: Run Behavior\BuildLiteBehavior [ RunTime:0.000028s ]
INFO: [ app_init ] --END-- [ RunTime:0.000793s ]
ERR: 无法加载模块:Files

[ 2018-08-29T23:05:19+08:00 ] 127.0.0.1 /Files/2018-07-17/5b4de2c421c93.jpg
INFO: [ app_init ] --START--
INFO: Run Behavior\BuildLiteBehavior [ RunTime:0.000014s ]
INFO: [ app_init ] --END-- [ RunTime:0.000403s ]
ERR: 无法加载模块:Files

[ 2018-08-29T23:05:19+08:00 ] 127.0.0.1 /Files/2018-07-17/5b4de452c9d43.jpg
INFO: [ app_init ] --START--
INFO: Run Behavior\BuildLiteBehavior [ RunTime:0.000016s ]
INFO: [ app_init ] --END-- [ RunTime:0.000549s ]
ERR: 无法加载模块:Files

[ 2018-08-29T23:06:08+08:00 ] 127.0.0.1 /Files/2018-07-17/5b4de452c9d43.jpg
INFO: [ app_init ] --START--
INFO: Run Behavior\BuildLiteBehavior [ RunTime:0.000013s ]
INFO: [ app_init ] --END-- [ RunTime:0.000374s ]
ERR: 无法加载模块:Files

[ 2018-08-29T23:06:08+08:00 ] 127.0.0.1 /Files/2018-07-17/5b4de2c421c93.jpg
INFO: [ app_init ] --START--
INFO: Run Behavior\BuildLiteBehavior [ RunTime:0.000015s ]
INFO: [ app_init ] --END-- [ RunTime:0.000452s ]
ERR: 无法加载模块:Files

[ 2018-08-29T23:06:13+08:00 ] 127.0.0.1 /Files/2018-07-17/5b4de452c9d43.jpg
INFO: [ app_init ] --START--
INFO: Run Behavior\BuildLiteBehavior [ RunTime:0.000014s ]
INFO: [ app_init ] --END-- [ RunTime:0.000387s ]
ERR: 无法加载模块:Files

[ 2018-08-29T23:06:13+08:00 ] 127.0.0.1 /Files/2018-07-17/5b4de2c421c93.jpg
INFO: [ app_init ] --START--
INFO: Run Behavior\BuildLiteBehavior [ RunTime:0.000013s ]
INFO: [ app_init ] --END-- [ RunTime:0.000381s ]
ERR: 无法加载模块:Files

[ 2018-08-29T23:06:19+08:00 ] 127.0.0.1 /Files/2018-07-17/5b4de452c9d43.jpg
INFO: [ app_init ] --START--
INFO: Run Behavior\BuildLiteBehavior [ RunTime:0.000015s ]
INFO: [ app_init ] --END-- [ RunTime:0.000433s ]
ERR: 无法加载模块:Files

[ 2018-08-29T23:06:19+08:00 ] 127.0.0.1 /Files/2018-07-17/5b4de2c421c93.jpg
INFO: [ app_init ] --START--
INFO: Run Behavior\BuildLiteBehavior [ RunTime:0.000015s ]
INFO: [ app_init ] --END-- [ RunTime:0.000517s ]
ERR: 无法加载模块:Files

[ 2018-08-29T23:06:22+08:00 ] 127.0.0.1 /Files/2018-07-17/5b4de452c9d43.jpg
INFO: [ app_init ] --START--
INFO: Run Behavior\BuildLiteBehavior [ RunTime:0.000016s ]
INFO: [ app_init ] --END-- [ RunTime:0.000437s ]
ERR: 无法加载模块:Files

[ 2018-08-29T23:06:22+08:00 ] 127.0.0.1 /Files/2018-07-17/5b4de2c421c93.jpg
INFO: [ app_init ] --START--
INFO: Run Behavior\BuildLiteBehavior [ RunTime:0.000014s ]
INFO: [ app_init ] --END-- [ RunTime:0.000441s ]
ERR: 无法加载模块:Files

[ 2018-08-29T23:06:27+08:00 ] 127.0.0.1 /Files/2018-07-17/5b4de452c9d43.jpg
INFO: [ app_init ] --START--
INFO: Run Behavior\BuildLiteBehavior [ RunTime:0.000016s ]
INFO: [ app_init ] --END-- [ RunTime:0.000523s ]
ERR: 无法加载模块:Files

[ 2018-08-29T23:06:27+08:00 ] 127.0.0.1 /Files/2018-07-17/5b4de2c421c93.jpg
INFO: [ app_init ] --START--
INFO: Run Behavior\BuildLiteBehavior [ RunTime:0.000016s ]
INFO: [ app_init ] --END-- [ RunTime:0.000447s ]
ERR: 无法加载模块:Files

[ 2018-08-29T23:07:42+08:00 ] 127.0.0.1 /Files/2018-07-17/5b4de2c421c93.jpg
INFO: [ app_init ] --START--
INFO: Run Behavior\BuildLiteBehavior [ RunTime:0.000018s ]
INFO: [ app_init ] --END-- [ RunTime:0.000495s ]
ERR: 无法加载模块:Files

[ 2018-08-29T23:07:42+08:00 ] 127.0.0.1 /Files/2018-07-17/5b4de452c9d43.jpg
INFO: [ app_init ] --START--
INFO: Run Behavior\BuildLiteBehavior [ RunTime:0.000014s ]
INFO: [ app_init ] --END-- [ RunTime:0.000573s ]
ERR: 无法加载模块:Files

[ 2018-08-29T23:08:28+08:00 ] 127.0.0.1 /Files/2018-07-17/5b4de2c421c93.jpg
INFO: [ app_init ] --START--
INFO: Run Behavior\BuildLiteBehavior [ RunTime:0.000067s ]
INFO: [ app_init ] --END-- [ RunTime:0.000674s ]
ERR: 无法加载模块:Files

[ 2018-08-29T23:08:28+08:00 ] 127.0.0.1 /Files/2018-07-17/5b4de452c9d43.jpg
INFO: [ app_init ] --START--
INFO: Run Behavior\BuildLiteBehavior [ RunTime:0.000022s ]
INFO: [ app_init ] --END-- [ RunTime:0.001155s ]
ERR: 无法加载模块:Files

[ 2018-08-29T23:17:08+08:00 ] 127.0.0.1 /Files/2018-07-17/5b4de2c421c93.jpg
INFO: [ app_init ] --START--
INFO: Run Behavior\BuildLiteBehavior [ RunTime:0.000013s ]
INFO: [ app_init ] --END-- [ RunTime:0.000453s ]
ERR: 无法加载模块:Files

[ 2018-08-29T23:17:08+08:00 ] 127.0.0.1 /Files/2018-07-17/5b4de452c9d43.jpg
INFO: [ app_init ] --START--
INFO: Run Behavior\BuildLiteBehavior [ RunTime:0.000017s ]
INFO: [ app_init ] --END-- [ RunTime:0.000610s ]
ERR: 无法加载模块:Files

[ 2018-08-29T23:21:23+08:00 ] 127.0.0.1 /Files/2018-07-17/5b4de2c421c93.jpg
INFO: [ app_init ] --START--
INFO: Run Behavior\BuildLiteBehavior [ RunTime:0.000016s ]
INFO: [ app_init ] --END-- [ RunTime:0.000412s ]
ERR: 无法加载模块:Files

[ 2018-08-29T23:21:23+08:00 ] 127.0.0.1 /Files/2018-07-17/5b4de452c9d43.jpg
INFO: [ app_init ] --START--
INFO: Run Behavior\BuildLiteBehavior [ RunTime:0.000014s ]
INFO: [ app_init ] --END-- [ RunTime:0.000501s ]
ERR: 无法加载模块:Files

[ 2018-08-29T23:26:00+08:00 ] 127.0.0.1 /Files/2018-07-17/5b4de2c421c93.jpg
INFO: [ app_init ] --START--
INFO: Run Behavior\BuildLiteBehavior [ RunTime:0.000016s ]
INFO: [ app_init ] --END-- [ RunTime:0.000643s ]
ERR: 无法加载模块:Files

[ 2018-08-29T23:26:00+08:00 ] 127.0.0.1 /Files/2018-07-17/5b4de452c9d43.jpg
INFO: [ app_init ] --START--
INFO: Run Behavior\BuildLiteBehavior [ RunTime:0.000013s ]
INFO: [ app_init ] --END-- [ RunTime:0.000451s ]
ERR: 无法加载模块:Files

[ 2018-08-29T23:31:17+08:00 ] 127.0.0.1 /Files/2018-07-17/5b4de2c421c93.jpg
INFO: [ app_init ] --START--
INFO: Run Behavior\BuildLiteBehavior [ RunTime:0.000015s ]
INFO: [ app_init ] --END-- [ RunTime:0.000423s ]
ERR: 无法加载模块:Files

[ 2018-08-29T23:31:17+08:00 ] 127.0.0.1 /Files/2018-07-17/5b4de452c9d43.jpg
INFO: [ app_init ] --START--
INFO: Run Behavior\BuildLiteBehavior [ RunTime:0.000016s ]
INFO: [ app_init ] --END-- [ RunTime:0.000602s ]
ERR: 无法加载模块:Files

[ 2018-08-29T23:31:40+08:00 ] 127.0.0.1 /Files/2018-07-17/5b4de452c9d43.jpg
INFO: [ app_init ] --START--
INFO: Run Behavior\BuildLiteBehavior [ RunTime:0.000014s ]
INFO: [ app_init ] --END-- [ RunTime:0.000409s ]
ERR: 无法加载模块:Files

[ 2018-08-29T23:31:40+08:00 ] 127.0.0.1 /Files/2018-07-17/5b4de2c421c93.jpg
INFO: [ app_init ] --START--
INFO: Run Behavior\BuildLiteBehavior [ RunTime:0.000018s ]
INFO: [ app_init ] --END-- [ RunTime:0.002402s ]
ERR: 无法加载模块:Files

[ 2018-08-29T23:32:44+08:00 ] 127.0.0.1 /Files/2018-07-17/5b4de2c421c93.jpg
INFO: [ app_init ] --START--
INFO: Run Behavior\BuildLiteBehavior [ RunTime:0.000018s ]
INFO: [ app_init ] --END-- [ RunTime:0.003134s ]
ERR: 无法加载模块:Files

[ 2018-08-29T23:32:44+08:00 ] 127.0.0.1 /Files/2018-07-17/5b4de452c9d43.jpg
INFO: [ app_init ] --START--
INFO: Run Behavior\BuildLiteBehavior [ RunTime:0.000014s ]
INFO: [ app_init ] --END-- [ RunTime:0.000506s ]
ERR: 无法加载模块:Files

[ 2018-08-29T23:35:13+08:00 ] 127.0.0.1 /Files/2018-07-17/5b4de2c421c93.jpg
INFO: [ app_init ] --START--
INFO: Run Behavior\BuildLiteBehavior [ RunTime:0.000013s ]
INFO: [ app_init ] --END-- [ RunTime:0.000367s ]
ERR: 无法加载模块:Files

[ 2018-08-29T23:35:13+08:00 ] 127.0.0.1 /Files/2018-07-17/5b4de452c9d43.jpg
INFO: [ app_init ] --START--
INFO: Run Behavior\BuildLiteBehavior [ RunTime:0.000016s ]
INFO: [ app_init ] --END-- [ RunTime:0.000488s ]
ERR: 无法加载模块:Files

[ 2018-08-29T23:35:20+08:00 ] 127.0.0.1 /Files/2018-07-17/5b4de452c9d43.jpg
INFO: [ app_init ] --START--
INFO: Run Behavior\BuildLiteBehavior [ RunTime:0.000015s ]
INFO: [ app_init ] --END-- [ RunTime:0.000506s ]
ERR: 无法加载模块:Files

[ 2018-08-29T23:35:20+08:00 ] 127.0.0.1 /Files/2018-07-17/5b4de2c421c93.jpg
INFO: [ app_init ] --START--
INFO: Run Behavior\BuildLiteBehavior [ RunTime:0.000016s ]
INFO: [ app_init ] --END-- [ RunTime:0.000625s ]
ERR: 无法加载模块:Files

